<?xml version="1.0" encoding="UTF-8"?>
<robot generator="Robot 6.1.1 (Python 3.9.18 on darwin)" generated="20231030 22:58:30.305" rpa="false" schemaversion="4">
<suite id="s1" name="Learn Ospf" source="/Users/danwade/temp/pyats-book-examples/ch11_network_snapshots/robot_framework/learn_ospf.robot">
<test id="s1-t1" name="Initialize" line="11">
<kw name="use genie testbed &quot;${testbed}&quot;" library="genie.libs.robot.GenieRobot" sourcename="use genie testbed &quot;${testbed}&quot;">
<msg timestamp="20231030 22:58:32.926" level="INFO">+------------------------------------------------------------------------------+
|                            Genie datafiles used:                             |
+------------------------------------------------------------------------------+</msg>
<msg timestamp="20231030 22:58:32.927" level="INFO">Trigger datafile          | /Users/danwade/temp/pyats-book-examples/.venv/lib/python3.9/site-packages/genie/libs/sdk/genie_yamls/iosxe/trigger_datafile_iosxe.yaml</msg>
<msg timestamp="20231030 22:58:32.927" level="INFO">Verification  datafile    | /Users/danwade/temp/pyats-book-examples/.venv/lib/python3.9/site-packages/genie/libs/sdk/genie_yamls/iosxe/verification_datafile_iosxe.yaml</msg>
<msg timestamp="20231030 22:58:32.927" level="INFO">Pts datafile              | /Users/danwade/temp/pyats-book-examples/.venv/lib/python3.9/site-packages/genie/libs/sdk/genie_yamls/pts_datafile.yaml</msg>
<msg timestamp="20231030 22:58:32.927" level="INFO">Subsection datafile       | /Users/danwade/temp/pyats-book-examples/.venv/lib/python3.9/site-packages/genie/libs/sdk/genie_yamls/subsection_datafile.yaml</msg>
<msg timestamp="20231030 22:58:32.927" level="INFO">Config datafile           | None</msg>
<status status="PASS" starttime="20231030 22:58:32.782" endtime="20231030 22:58:33.706"/>
</kw>
<kw name="connect to device &quot;cat8k-rt1&quot;" library="pyats.robot.pyATSRobot" sourcename="connect to device &quot;${device:[^&quot;]+}&quot;">
<doc>Connect to device connection as defined in testbed.yaml</doc>
<msg timestamp="20231030 22:58:33.707" level="INFO">Connecting to device 'Device cat8k-rt1 (alias=uut), type router'</msg>
<msg timestamp="20231030 22:58:33.707" level="INFO">kwargs: {}</msg>
<msg timestamp="20231030 22:58:38.949" level="INFO">2023-10-30 22:58:33,709: %UNICON-INFO: +++ cat8k-rt1 logfile /tmp/cat8k-rt1-cli-20231030T225833708.log +++

2023-10-30 22:58:33,710: %UNICON-INFO: +++ Unicon plugin iosxe/csr1000v (unicon.plugins.iosxe.csr1000v) +++
Warning: Permanently added '192.168.7.96' (RSA) to the list of known hosts.


2023-10-30 22:58:34,173: %UNICON-INFO: +++ connection to spawn: ssh -l cisco 192.168.7.96 -p 22, id: 4540087312 +++

2023-10-30 22:58:34,174: %UNICON-INFO: connection to cat8k-rt1
(cisco@192.168.7.96) Password: 



cat8k-rt1#

2023-10-30 22:58:36,561: %UNICON-INFO: +++ initializing handle +++

2023-10-30 22:58:36,746: %UNICON-INFO: +++ cat8k-rt1 with via 'cli': executing command 'term length 0' +++
term length 0
cat8k-rt1#

2023-10-30 22:58:37,120: %UNICON-INFO: +++ cat8k-rt1 with via 'cli': executing command 'term width 0' +++
term width 0
cat8k-rt1#

2023-10-30 22:58:37,476: %UNICON-INFO: +++ cat8k-rt1 with via 'cli': executing command 'show version' +++
show version
Cisco IOS XE Software, Version 17.09.01a
Cisco IOS Software [Cupertino], Virtual XE Software (X86_64_LINUX_IOSD-UNIVERSALK9-M), Version 17.9.1a, RELEASE SOFTWARE (fc2)
Technical Support: http://www.cisco.com/techsupport
Copyright (c) 1986-2022 by Cisco Systems, Inc.
Compiled Thu 18-Aug-22 17:31 by mcpre


Cisco IOS-XE software, Copyright (c) 2005-2022 by cisco Systems, Inc.
All rights reserved.  Certain components of Cisco IOS-XE software are
licensed under the GNU General Public License ("GPL") Version 2.0.  The
software code licensed under GPL Version 2.0 is free software that comes
with ABSOLUTELY NO WARRANTY.  You can redistribute and/or modify such
GPL code under the terms of GPL Version 2.0.  For more details, see the
documentation or "License Notice" file accompanying the IOS-XE software,
or the applicable URL provided on the flyer accompanying the IOS-XE
software.


ROM: IOS-XE ROMMON

cat8k-rt1 uptime is 1 hour, 16 minutes
Uptime for this control processor is 1 hour, 18 minutes
System returned to ROM by reload
System image file is "bootflash:packages.conf"
Last reload reason: reload



This product contains cryptographic features and is subject to United
States and local country laws governing import, export, transfer and
use. Delivery of Cisco cryptographic products does not imply
third-party authority to import, export, distribute or use encryption.
Importers, exporters, distributors and users are responsible for
compliance with U.S. and local country laws. By using this product you
agree to comply with applicable laws and regulations. If you are unable
to comply with U.S. and local laws, return this product immediately.

A summary of U.S. laws governing Cisco cryptographic products may be found at:
http://www.cisco.com/wwl/export/crypto/tool/stqrg.html

If you require further assistance please contact us by sending email to
export@cisco.com.

License Level: 
License Type: Perpetual
Next reload license Level: 

Addon License Level: 
Addon License Type: Subscription
Next reload addon license Level: 

The current throughput level is 20000 kbps 


Smart Licensing Status: Smart Licensing Using Policy

cisco C8000V (VXE) processor (revision VXE) with 1980807K/3075K bytes of memory.
Processor board ID 9YZ8MIVYG6P
Router operating mode: Autonomous
4 Gigabit Ethernet interfaces
32768K bytes of non-volatile configuration memory.
3965328K bytes of physical memory.
5234688K bytes of virtual hard disk at bootflash:.

Configuration register is 0x2102

cat8k-rt1#

2023-10-30 22:58:37,707: %UNICON-INFO: +++ cat8k-rt1 with via 'cli': configure +++
config term
Enter configuration commands, one per line.  End with CNTL/Z.
cat8k-rt1(config)#no logging console
cat8k-rt1(config)#line console 0
cat8k-rt1(config-line)#exec-timeout 0
cat8k-rt1(config-line)#line vty 0 4
cat8k-rt1(config-line)#exec-timeout 0
cat8k-rt1(config-line)#end
cat8k-rt1#</msg>
<status status="PASS" starttime="20231030 22:58:33.706" endtime="20231030 22:58:38.949"/>
</kw>
<status status="PASS" starttime="20231030 22:58:32.782" endtime="20231030 22:58:38.950"/>
</test>
<test id="s1-t2" name="Learn OSPF" line="18">
<kw name="learn &quot;ospf&quot; on device &quot;cat8k-rt1&quot;" library="genie.libs.robot.GenieRobot" sourcename="learn &quot;${feature:[^&quot;]+}&quot; on device &quot;${device:[^&quot;]+}&quot;">
<var>${output}</var>
<doc>Learn Ops feature on device</doc>
<msg timestamp="20231030 22:58:46.969" level="INFO">Could not learn &lt;class 'genie.libs.parser.iosxe.show_ospf.ShowIpOspfVirtualLinks'&gt;
Show Command: show ip ospf virtual-links
Parser Output is empty</msg>
<msg timestamp="20231030 22:58:50.723" level="INFO">Could not learn &lt;class 'genie.libs.parser.iosxe.show_ospf.ShowIpOspfShamLinks'&gt;
Show Command: show ip ospf sham-links
Parser Output is empty</msg>
<msg timestamp="20231030 22:58:50.724" level="INFO">+====================================================================================================================================================+</msg>
<msg timestamp="20231030 22:58:50.725" level="INFO">| Commands for learning feature 'Ospf'                                                                                                               |</msg>
<msg timestamp="20231030 22:58:50.725" level="INFO">+====================================================================================================================================================+</msg>
<msg timestamp="20231030 22:58:50.725" level="INFO">| - Parsed commands                                                                                                                                  |</msg>
<msg timestamp="20231030 22:58:50.725" level="INFO">|----------------------------------------------------------------------------------------------------------------------------------------------------|</msg>
<msg timestamp="20231030 22:58:50.725" level="INFO">|   cmd: &lt;class 'genie.libs.parser.iosxe.show_ospf.ShowIpOspf'&gt;                                                                                      |</msg>
<msg timestamp="20231030 22:58:50.725" level="INFO">|   cmd: &lt;class 'genie.libs.parser.iosxe.show_protocols.ShowIpProtocols'&gt;, arguments: {'vrf':''}                                                     |</msg>
<msg timestamp="20231030 22:58:50.725" level="INFO">|   cmd: &lt;class 'genie.libs.parser.iosxe.show_ospf.ShowIpOspfMplsLdpInterface'&gt;, arguments: {'interface':''}                                         |</msg>
<msg timestamp="20231030 22:58:50.725" level="INFO">|   cmd: &lt;class 'genie.libs.parser.iosxe.show_ospf.ShowIpOspfMplsTrafficEngLink'&gt;                                                                    |</msg>
<msg timestamp="20231030 22:58:50.726" level="INFO">|   cmd: &lt;class 'genie.libs.parser.iosxe.show_ospf.ShowIpOspfDatabaseRouter'&gt;                                                                        |</msg>
<msg timestamp="20231030 22:58:50.726" level="INFO">|   cmd: &lt;class 'genie.libs.parser.iosxe.show_ospf.ShowIpOspfDatabaseNetwork'&gt;                                                                       |</msg>
<msg timestamp="20231030 22:58:50.726" level="INFO">|   cmd: &lt;class 'genie.libs.parser.iosxe.show_ospf.ShowIpOspfDatabaseExternal'&gt;                                                                      |</msg>
<msg timestamp="20231030 22:58:50.726" level="INFO">|   cmd: &lt;class 'genie.libs.parser.iosxe.show_ospf.ShowIpOspfDatabaseSummary'&gt;                                                                       |</msg>
<msg timestamp="20231030 22:58:50.726" level="INFO">|   cmd: &lt;class 'genie.libs.parser.iosxe.show_ospf.ShowIpOspfDatabaseOpaqueArea'&gt;                                                                    |</msg>
<msg timestamp="20231030 22:58:50.726" level="INFO">|   cmd: &lt;class 'genie.libs.parser.iosxe.show_ospf.ShowIpOspfInterface'&gt;, arguments: {'interface':''}                                                |</msg>
<msg timestamp="20231030 22:58:50.726" level="INFO">|   cmd: &lt;class 'genie.libs.parser.iosxe.show_ospf.ShowIpOspfNeighborDetail'&gt;, arguments: {'neighbor':''}                                            |</msg>
<msg timestamp="20231030 22:58:50.726" level="INFO">|====================================================================================================================================================|</msg>
<msg timestamp="20231030 22:58:50.726" level="INFO">| - Commands with empty output                                                                                                                       |</msg>
<msg timestamp="20231030 22:58:50.726" level="INFO">|----------------------------------------------------------------------------------------------------------------------------------------------------|</msg>
<msg timestamp="20231030 22:58:50.727" level="INFO">|   cmd: &lt;class 'genie.libs.parser.iosxe.show_ospf.ShowIpOspfVirtualLinks'&gt;                                                                          |</msg>
<msg timestamp="20231030 22:58:50.727" level="INFO">|   cmd: &lt;class 'genie.libs.parser.iosxe.show_ospf.ShowIpOspfShamLinks'&gt;                                                                             |</msg>
<msg timestamp="20231030 22:58:50.727" level="INFO">|====================================================================================================================================================|</msg>
<msg timestamp="20231030 22:58:50.809" level="INFO">2023-10-30 22:58:42,181: %UNICON-INFO: +++ cat8k-rt1 with via 'cli': executing command 'show ip ospf' +++
show ip ospf
 Routing Process "ospf 10" with ID 10.254.1.1
 Start time: 00:02:04.696, Time elapsed: 01:16:09.034
 Supports only single TOS(TOS0) routes
 Supports opaque LSA
 Supports Link-local Signaling (LLS)
 Supports area transit capability
 Supports NSSA (compatible with RFC 3101)
 Supports Database Exchange Summary List Optimization (RFC 5243)
 Event-log enabled, Maximum number of events: 1000, Mode: cyclic
 Router is not originating router-LSAs with maximum metric
 Initial SPF schedule delay 50 msecs
 Minimum hold time between two consecutive SPFs 200 msecs
 Maximum wait time between two consecutive SPFs 5000 msecs
 Incremental-SPF disabled
 Initial LSA throttle delay 50 msecs
 Minimum hold time for LSA throttle 200 msecs
 Maximum wait time for LSA throttle 5000 msecs
 Minimum LSA arrival 100 msecs
 LSA group pacing timer 240 secs
 Interface flood pacing timer 33 msecs
 Retransmission pacing timer 66 msecs
 EXCHANGE/LOADING adjacency limit: initial 300, process maximum 300
 Number of external LSA 0. Checksum Sum 0x000000
 Number of opaque AS LSA 0. Checksum Sum 0x000000
 Number of DCbitless external and opaque AS LSA 0
 Number of DoNotAge external and opaque AS LSA 0
 Number of areas in this router is 1. 1 normal 0 stub 0 nssa
 Number of areas transit capable is 0
 External flood list length 0
 IETF NSF helper support enabled
 Cisco NSF helper support enabled
 Reference bandwidth unit is 100 mbps
    Area BACKBONE(0)
        Number of interfaces in this area is 3 (2 loopback)
	Area has no authentication
	SPF algorithm last executed 01:15:21.060 ago
	SPF algorithm executed 7 times
	Area ranges are
	Number of LSA 3. Checksum Sum 0x01BAE7
	Number of opaque link LSA 0. Checksum Sum 0x000000
	Number of DCbitless LSA 0
	Number of indication LSA 0
	Number of DoNotAge LSA 0
	Flood list length 0

cat8k-rt1#

2023-10-30 22:58:42,580: %UNICON-INFO: +++ cat8k-rt1 with via 'cli': executing command 'show ip protocols' +++
show ip protocols
*** IP Routing is NSF aware ***

Routing Protocol is "application"
  Sending updates every 0 seconds
  Invalid after 0 seconds, hold down 0, flushed after 0
  Outgoing update filter list for all interfaces is not set
  Incoming update filter list for all interfaces is not set
  Maximum path: 32
  Routing for Networks:
  Routing Information Sources:
    Gateway         Distance      Last Update
  Distance: (default is 4)

Routing Protocol is "ospf 10"
  Outgoing update filter list for all interfaces is not set
  Incoming update filter list for all interfaces is not set
  Router ID 10.254.1.1
  Number of areas in this router is 1. 1 normal 0 stub 0 nssa
  Maximum path: 4
  Routing for Networks:
    10.0.0.0 0.255.255.255 area 0
    172.16.1.1 0.0.0.0 area 0
  Routing Information Sources:
    Gateway         Distance      Last Update
    10.254.1.2           110      01:15:21
  Distance: (default is 110)

cat8k-rt1#

2023-10-30 22:58:42,973: %UNICON-INFO: +++ cat8k-rt1 with via 'cli': executing command 'show running-config | section router ospf 10' +++
show running-config | section router ospf 10
router ospf 10
 network 10.0.0.0 0.255.255.255 area 0
 network 172.16.1.1 0.0.0.0 area 0
cat8k-rt1#

2023-10-30 22:58:43,505: %UNICON-INFO: +++ cat8k-rt1 with via 'cli': executing command 'show ip ospf mpls ldp interface' +++
show ip ospf mpls ldp interface
Loopback0
  Process ID 10, Area 0
  LDP is not configured through LDP autoconfig
  LDP-IGP Synchronization : Not required
  Holddown timer is disabled
  Interface is up 
Loopback1
  Process ID 10, Area 0
  LDP is not configured through LDP autoconfig
  LDP-IGP Synchronization : Not required
  Holddown timer is disabled
  Interface is up 
GigabitEthernet4
  Process ID 10, Area 0
  LDP is not configured through LDP autoconfig
  LDP-IGP Synchronization : Not required
  Holddown timer is disabled
  Interface is up 
cat8k-rt1#

2023-10-30 22:58:43,895: %UNICON-INFO: +++ cat8k-rt1 with via 'cli': executing command 'show ip ospf mpls traffic-eng link' +++
show ip ospf mpls traffic-eng link

            OSPF Router with ID (10.254.1.1) (Process ID 10)

  Area 0 MPLS TE not initialized
cat8k-rt1#

2023-10-30 22:58:44,302: %UNICON-INFO: +++ cat8k-rt1 with via 'cli': executing command 'show running-config | section router ospf 10' +++
show running-config | section router ospf 10
router ospf 10
 network 10.0.0.0 0.255.255.255 area 0
 network 172.16.1.1 0.0.0.0 area 0
cat8k-rt1#

2023-10-30 22:58:44,832: %UNICON-INFO: +++ cat8k-rt1 with via 'cli': executing command 'show ip ospf database router' +++
show ip ospf database router

            OSPF Router with ID (10.254.1.1) (Process ID 10)

		Router Link States (Area 0)

  LS age: 540
  Options: (No TOS-capability, DC)
  LS Type: Router Links
  Link State ID: 10.254.1.1
  Advertising Router: 10.254.1.1
  LS Seq Number: 80000007
  Checksum: 0xB37A
  Length: 60
  Number of Links: 3

    Link connected to: a Stub Network
     (Link ID) Network/subnet number: 10.254.1.1
     (Link Data) Network Mask: 255.255.255.255
      Number of MTID metrics: 0
       TOS 0 Metrics: 1

    Link connected to: a Stub Network
     (Link ID) Network/subnet number: 10.50.0.1
     (Link Data) Network Mask: 255.255.255.255
      Number of MTID metrics: 0
       TOS 0 Metrics: 1

    Link connected to: a Transit Network
     (Link ID) Designated Router address: 172.16.1.2
     (Link Data) Router Interface address: 172.16.1.1
      Number of MTID metrics: 0
       TOS 0 Metrics: 1


  LS age: 560
  Options: (No TOS-capability, DC)
  LS Type: Router Links
  Link State ID: 10.254.1.2
  Advertising Router: 10.254.1.2
  LS Seq Number: 80000007
  Checksum: 0x9C83
  Length: 60
  Number of Links: 3

    Link connected to: a Stub Network
     (Link ID) Network/subnet number: 10.254.1.2
     (Link Data) Network Mask: 255.255.255.255
      Number of MTID metrics: 0
       TOS 0 Metrics: 1

    Link connected to: a Stub Network
     (Link ID) Network/subnet number: 10.60.0.1
     (Link Data) Network Mask: 255.255.255.255
      Number of MTID metrics: 0
       TOS 0 Metrics: 1

    Link connected to: a Transit Network
     (Link ID) Designated Router address: 172.16.1.2
     (Link Data) Router Interface address: 172.16.1.2
      Number of MTID metrics: 0
       TOS 0 Metrics: 1


cat8k-rt1#

2023-10-30 22:58:45,231: %UNICON-INFO: +++ cat8k-rt1 with via 'cli': executing command 'show ip ospf database network' +++
show ip ospf database network

            OSPF Router with ID (10.254.1.1) (Process ID 10)

		Net Link States (Area 0)

  LS age: 560
  Options: (No TOS-capability, DC)
  LS Type: Network Links
  Link State ID: 172.16.1.2 (address of Designated Router)
  Advertising Router: 10.254.1.2
  LS Seq Number: 80000003
  Checksum: 0x6AEA
  Length: 32
  Network Mask: /24
	Attached Router: 10.254.1.2
	Attached Router: 10.254.1.1

cat8k-rt1#

2023-10-30 22:58:45,627: %UNICON-INFO: +++ cat8k-rt1 with via 'cli': executing command 'show ip ospf database external' +++
show ip ospf database external

            OSPF Router with ID (10.254.1.1) (Process ID 10)
cat8k-rt1#

2023-10-30 22:58:46,005: %UNICON-INFO: +++ cat8k-rt1 with via 'cli': executing command 'show ip ospf database summary' +++
show ip ospf database summary

            OSPF Router with ID (10.254.1.1) (Process ID 10)
cat8k-rt1#

2023-10-30 22:58:46,397: %UNICON-INFO: +++ cat8k-rt1 with via 'cli': executing command 'show ip ospf database opaque-area' +++
show ip ospf database opaque-area

            OSPF Router with ID (10.254.1.1) (Process ID 10)
cat8k-rt1#

2023-10-30 22:58:46,758: %UNICON-INFO: +++ cat8k-rt1 with via 'cli': executing command 'show ip ospf virtual-links' +++
show ip ospf virtual-links
cat8k-rt1#

2023-10-30 22:58:47,120: %UNICON-INFO: +++ cat8k-rt1 with via 'cli': executing command 'show ip ospf interface' +++
show ip ospf interface
Loopback0 is up, line protocol is up 
  Internet Address 10.254.1.1/32, Interface ID 10, Area 0
  Attached via Network Statement
  Process ID 10, Router ID 10.254.1.1, Network Type LOOPBACK, Cost: 1
  Topology-MTID    Cost    Disabled    Shutdown      Topology Name
        0           1         no          no            Base
  Loopback interface is treated as a stub Host
Loopback1 is up, line protocol is up 
  Internet Address 10.50.0.1/24, Interface ID 11, Area 0
  Attached via Network Statement
  Process ID 10, Router ID 10.254.1.1, Network Type LOOPBACK, Cost: 1
  Topology-MTID    Cost    Disabled    Shutdown      Topology Name
        0           1         no          no            Base
  Loopback interface is treated as a stub Host
GigabitEthernet4 is up, line protocol is up 
  Internet Address 172.16.1.1/24, Interface ID 8, Area 0
  Attached via Network Statement
  Process ID 10, Router ID 10.254.1.1, Network Type BROADCAST, Cost: 1
  Topology-MTID    Cost    Disabled    Shutdown      Topology Name
        0           1         no          no            Base
  Transmit Delay is 1 sec, State BDR, Priority 1
  Designated Router (ID) 10.254.1.2, Interface address 172.16.1.2
  Backup Designated router (ID) 10.254.1.1, Interface address 172.16.1.1
  Timer intervals configured, Hello 10, Dead 40, Wait 40, Retransmit 5
    oob-resync timeout 40
    Hello due in 00:00:01
  Supports Link-local Signaling (LLS)
  Cisco NSF helper support enabled
  IETF NSF helper support enabled
  Index 1/3/3, flood queue length 0
  Next 0x0(0)/0x0(0)/0x0(0)
  Last flood scan length is 1, maximum is 1
  Last flood scan time is 0 msec, maximum is 0 msec
  Neighbor Count is 1, Adjacent neighbor count is 1 
    Adjacent with neighbor 10.254.1.2  (Designated Router)
  Suppress hello for 0 neighbor(s)
cat8k-rt1#

2023-10-30 22:58:47,504: %UNICON-INFO: +++ cat8k-rt1 with via 'cli': executing command 'show running-config | section router ospf 10' +++
show running-config | section router ospf 10
router ospf 10
 network 10.0.0.0 0.255.255.255 area 0
 network 172.16.1.1 0.0.0.0 area 0
cat8k-rt1#

2023-10-30 22:58:48,043: %UNICON-INFO: +++ cat8k-rt1 with via 'cli': executing command 'show running-config | section router ospf 10' +++
show running-config | section router ospf 10
router ospf 10
 network 10.0.0.0 0.255.255.255 area 0
 network 172.16.1.1 0.0.0.0 area 0
cat8k-rt1#

2023-10-30 22:58:48,596: %UNICON-INFO: +++ cat8k-rt1 with via 'cli': executing command 'show running-config | section router ospf 10' +++
show running-config | section router ospf 10
router ospf 10
 network 10.0.0.0 0.255.255.255 area 0
 network 172.16.1.1 0.0.0.0 area 0
cat8k-rt1#

2023-10-30 22:58:49,149: %UNICON-INFO: +++ cat8k-rt1 with via 'cli': executing command 'show ip ospf neighbor detail' +++
show ip ospf neighbor detail
 Neighbor 10.254.1.2, interface address 172.16.1.2, interface-id 8
    In the area 0 via interface GigabitEthernet4
    Neighbor priority is 1, State is FULL, 6 state changes
    DR is 172.16.1.2 BDR is 172.16.1.1
    Options is 0x12 in Hello (E-bit, L-bit)
    Options is 0x52 in DBD (E-bit, L-bit, O-bit)
    LLS Options is 0x1 (LR)
    Dead timer due in 00:00:34
    Neighbor is up for 01:16:09
    Index 1/1/1, retransmission queue length 0, number of retransmission 0
    First 0x0(0)/0x0(0)/0x0(0) Next 0x0(0)/0x0(0)/0x0(0)
    Last retransmission scan length is 0, maximum is 0
    Last retransmission scan time is 0 msec, maximum is 0 msec
cat8k-rt1#

2023-10-30 22:58:49,559: %UNICON-INFO: +++ cat8k-rt1 with via 'cli': executing command 'show ip ospf interface GigabitEthernet4' +++
show ip ospf interface GigabitEthernet4
GigabitEthernet4 is up, line protocol is up 
  Internet Address 172.16.1.1/24, Interface ID 8, Area 0
  Attached via Network Statement
  Process ID 10, Router ID 10.254.1.1, Network Type BROADCAST, Cost: 1
  Topology-MTID    Cost    Disabled    Shutdown      Topology Name
        0           1         no          no            Base
  Transmit Delay is 1 sec, State BDR, Priority 1
  Designated Router (ID) 10.254.1.2, Interface address 172.16.1.2
  Backup Designated router (ID) 10.254.1.1, Interface address 172.16.1.1
  Timer intervals configured, Hello 10, Dead 40, Wait 40, Retransmit 5
    oob-resync timeout 40
    Hello due in 00:00:08
  Supports Link-local Signaling (LLS)
  Cisco NSF helper support enabled
  IETF NSF helper support enabled
  Index 1/3/3, flood queue length 0
  Next 0x0(0)/0x0(0)/0x0(0)
  Last flood scan length is 1, maximum is 1
  Last flood scan time is 0 msec, maximum is 0 msec
  Neighbor Count is 1, Adjacent neighbor count is 1 
    Adjacent with neighbor 10.254.1.2  (Designated Router)
  Suppress hello for 0 neighbor(s)
cat8k-rt1#

2023-10-30 22:58:49,939: %UNICON-INFO: +++ cat8k-rt1 with via 'cli': executing command 'show running-config | section router ospf 10' +++
show running-config | section router ospf 10
router ospf 10
 network 10.0.0.0 0.255.255.255 area 0
 network 172.16.1.1 0.0.0.0 area 0
cat8k-rt1#

2023-10-30 22:58:50,483: %UNICON-INFO: +++ cat8k-rt1 with via 'cli': executing command 'show ip ospf sham-links' +++
show ip ospf sham-links
cat8k-rt1#</msg>
<msg timestamp="20231030 22:58:50.809" level="INFO">${output} = &lt;Ospf object at 0x10e8950a0&gt;</msg>
<status status="PASS" starttime="20231030 22:58:38.951" endtime="20231030 22:58:50.809"/>
</kw>
<status status="PASS" starttime="20231030 22:58:38.951" endtime="20231030 22:58:50.809"/>
</test>
<status status="PASS" starttime="20231030 22:58:30.308" endtime="20231030 22:58:50.810"/>
</suite>
<statistics>
<total>
<stat pass="2" fail="0" skip="0">All Tests</stat>
</total>
<tag>
</tag>
<suite>
<stat pass="2" fail="0" skip="0" id="s1" name="Learn Ospf">Learn Ospf</stat>
</suite>
</statistics>
<errors>
</errors>
</robot>
